{"level":"info","message":"Received request for all songs"}
{"level":"info","message":"Received request for all songs"}
{"level":"info","message":"Received request for all songs"}
{"level":"info","message":"Received request for all songs"}
{"level":"info","timestamp":"2022-03-12T18:25:16.597+0600","message":"Received request for all songs"}
{"level":"info","timestamp":"2022-03-12T18:34:57.056+0600","message":"Received request for all songs"}
{"level":"info","timestamp":"2022-03-12T18:35:23.299+0600","message":"Received request for CreateSong","request":{"title":"Unknown T - Wonderland ft. M Huncho","singers":"Unknown T, M Huncho","duration":3.1,"lyricsExists":true}}
{"level":"info","timestamp":"2022-03-12T19:10:46.595+0600","message":"Received request for all songs"}
{"level":"info","timestamp":"2022-03-12T19:11:08.852+0600","message":"Received request for all songs"}
{"level":"info","timestamp":"2022-03-12T19:13:18.229+0600","message":"Received request for CreateSong","request":{"title":"Unknown T - Wonderland ft. M Huncho","artists":[{"name":"Unknown T","age":27},{"name":"M Huncho","age":35}],"duration":3.1,"lyricsExists":true}}
{"level":"info","timestamp":"2022-03-12T20:23:35.009+0600","message":"Received request for CreateSong","request":{"title":"M Huncho x Dutchavelli - Burning [Music Video] | GRM Daily","duration":3.02,"lyricsExists":true}}
{"level":"info","timestamp":"2022-03-12T20:24:13.846+0600","message":"Received request for all songs"}
{"level":"info","timestamp":"2022-03-12T20:25:41.238+0600","message":"Received request for CreateArtist","request":{"songId":"fb355c04-a98a-4c4f-b07f-b26e28487d78","name":"M Huncho","age":35}}
{"level":"info","timestamp":"2022-03-12T20:26:22.121+0600","message":"Received request for CreateArtist","request":{"songId":"fb355c04-a98a-4c4f-b07f-b26e28487d78","name":"Dutchavelli","age":29}}
{"level":"info","timestamp":"2022-03-12T20:26:45.899+0600","message":"Received request for all songs"}
{"level":"info","timestamp":"2022-03-12T20:28:14.213+0600","message":"Received request for all songs"}
{"level":"info","timestamp":"2022-03-12T20:51:35.374+0600","message":"Received request for all songs"}
{"level":"info","timestamp":"2022-03-12T20:53:20.210+0600","message":"Received request for all GetArtistsBySongID","request":"fb355c04-a98a-4c4f-b07f-b26e28487d78"}
{"level":"info","timestamp":"2022-03-12T20:54:21.293+0600","message":"Received request for all GetSongByID","request":"fb355c04-a98a-4c4f-b07f-b26e28487d78"}
{"level":"info","timestamp":"2022-03-12T20:54:21.294+0600","message":"Received request for all GetArtistsBySongID","request":"fb355c04-a98a-4c4f-b07f-b26e28487d78"}
{"level":"info","timestamp":"2022-03-12T21:01:25.790+0600","message":"Received request for all songs"}
{"level":"info","timestamp":"2022-03-12T21:11:28.159+0600","message":"Received request for all songs"}
{"level":"info","timestamp":"2022-03-12T21:11:28.161+0600","message":"Received request for all GetArtistsBySongID","request":"fb355c04-a98a-4c4f-b07f-b26e28487d78"}
{"level":"info","timestamp":"2022-03-12T21:12:20.610+0600","message":"Received request for all songs"}
{"level":"info","timestamp":"2022-03-12T21:12:20.611+0600","message":"Received request for all GetArtistsBySongID","request":"fb355c04-a98a-4c4f-b07f-b26e28487d78"}
{"level":"info","timestamp":"2022-03-12T21:12:56.643+0600","message":"Received request for all songs"}
{"level":"info","timestamp":"2022-03-12T21:12:56.644+0600","message":"Received request for all GetArtistsBySongID","request":"fb355c04-a98a-4c4f-b07f-b26e28487d78"}
{"level":"info","timestamp":"2022-03-12T21:14:29.666+0600","message":"Received request for CreateSong","request":{"title":"Stop Trying to be God","duration":5.38,"lyricsExists":true}}
{"level":"info","timestamp":"2022-03-12T21:15:59.563+0600","message":"Received request for CreateArtist","request":{"songId":"63fc6696-5639-4331-bfaa-ce0584648e3b","name":"Travis Scott","age":30}}
{"level":"info","timestamp":"2022-03-12T21:16:20.925+0600","message":"Received request for all songs"}
{"level":"info","timestamp":"2022-03-12T21:16:20.926+0600","message":"Received request for all GetArtistsBySongID","request":"63fc6696-5639-4331-bfaa-ce0584648e3b"}
{"level":"info","timestamp":"2022-03-12T21:16:20.927+0600","message":"Received request for all GetArtistsBySongID","request":"fb355c04-a98a-4c4f-b07f-b26e28487d78"}
{"level":"info","timestamp":"2022-03-12T21:16:54.225+0600","message":"Received request for all songs"}
{"level":"info","timestamp":"2022-03-12T21:16:54.225+0600","message":"Received request for all GetArtistsBySongID","request":"63fc6696-5639-4331-bfaa-ce0584648e3b"}
{"level":"info","timestamp":"2022-03-12T21:16:54.227+0600","message":"Received request for all GetArtistsBySongID","request":"fb355c04-a98a-4c4f-b07f-b26e28487d78"}
{"level":"info","timestamp":"2022-03-12T21:16:59.895+0600","message":"Received request for all songs"}
{"level":"info","timestamp":"2022-03-12T21:16:59.896+0600","message":"Received request for all GetArtistsBySongID","request":"63fc6696-5639-4331-bfaa-ce0584648e3b"}
{"level":"info","timestamp":"2022-03-12T21:16:59.897+0600","message":"Received request for all GetArtistsBySongID","request":"fb355c04-a98a-4c4f-b07f-b26e28487d78"}
{"level":"info","timestamp":"2022-03-12T21:17:07.943+0600","message":"Received request for all songs"}
{"level":"info","timestamp":"2022-03-12T21:17:07.944+0600","message":"Received request for all GetArtistsBySongID","request":"63fc6696-5639-4331-bfaa-ce0584648e3b"}
{"level":"info","timestamp":"2022-03-12T21:17:07.945+0600","message":"Received request for all GetArtistsBySongID","request":"fb355c04-a98a-4c4f-b07f-b26e28487d78"}
{"level":"info","timestamp":"2022-03-12T21:17:12.619+0600","message":"Received request for all songs"}
{"level":"info","timestamp":"2022-03-12T21:17:12.620+0600","message":"Received request for all GetArtistsBySongID","request":"63fc6696-5639-4331-bfaa-ce0584648e3b"}
{"level":"info","timestamp":"2022-03-12T21:17:12.621+0600","message":"Received request for all GetArtistsBySongID","request":"fb355c04-a98a-4c4f-b07f-b26e28487d78"}
{"level":"info","timestamp":"2022-03-12T21:17:18.149+0600","message":"Received request for all songs"}
{"level":"info","timestamp":"2022-03-12T21:17:18.150+0600","message":"Received request for all GetArtistsBySongID","request":"63fc6696-5639-4331-bfaa-ce0584648e3b"}
{"level":"info","timestamp":"2022-03-12T21:17:18.152+0600","message":"Received request for all GetArtistsBySongID","request":"fb355c04-a98a-4c4f-b07f-b26e28487d78"}
{"level":"info","timestamp":"2022-03-13T14:54:01.758+0600","message":"Received request for all songs"}
{"level":"info","timestamp":"2022-03-13T14:54:01.773+0600","message":"Received request for all GetArtistsBySongID","request":"63fc6696-5639-4331-bfaa-ce0584648e3b"}
{"level":"info","timestamp":"2022-03-13T14:54:01.776+0600","message":"Received request for all GetArtistsBySongID","request":"fb355c04-a98a-4c4f-b07f-b26e28487d78"}
{"level":"info","timestamp":"2022-03-13T14:56:58.595+0600","message":"Received request for all songs"}
{"level":"info","timestamp":"2022-03-13T14:56:58.596+0600","message":"Received request for all GetArtistsBySongID","request":"63fc6696-5639-4331-bfaa-ce0584648e3b"}
{"level":"info","timestamp":"2022-03-13T14:56:58.597+0600","message":"Received request for all GetArtistsBySongID","request":"fb355c04-a98a-4c4f-b07f-b26e28487d78"}
{"level":"info","timestamp":"2022-03-13T14:57:36.307+0600","message":"Received request for all GetSongByID","request":"666"}
{"level":"info","timestamp":"2022-03-13T14:57:54.906+0600","message":"Received request for all songs"}
{"level":"info","timestamp":"2022-03-13T14:57:54.909+0600","message":"Received request for all GetArtistsBySongID","request":"63fc6696-5639-4331-bfaa-ce0584648e3b"}
{"level":"info","timestamp":"2022-03-13T14:57:54.910+0600","message":"Received request for all GetArtistsBySongID","request":"fb355c04-a98a-4c4f-b07f-b26e28487d78"}
{"level":"info","timestamp":"2022-03-13T14:58:25.140+0600","message":"Received request for all GetSongByID","request":"63fc6696-5639-4331-bfaa-ce0584648e3b"}
{"level":"info","timestamp":"2022-03-13T14:58:25.143+0600","message":"Received request for all GetArtistsBySongID","request":"63fc6696-5639-4331-bfaa-ce0584648e3b"}
{"level":"info","timestamp":"2022-03-13T20:44:27.932+0600","message":"Received request for all songs"}
{"level":"info","timestamp":"2022-03-13T20:44:27.935+0600","message":"Received request for all GetArtistsBySongID","request":"63fc6696-5639-4331-bfaa-ce0584648e3b"}
{"level":"info","timestamp":"2022-03-13T20:44:27.941+0600","message":"Received request for all GetArtistsBySongID","request":"fb355c04-a98a-4c4f-b07f-b26e28487d78"}
{"level":"info","timestamp":"2022-03-13T20:51:30.188+0600","message":"Received request for all Artists"}
{"level":"info","timestamp":"2022-03-13T20:51:56.803+0600","message":"Received request for all songs"}
{"level":"info","timestamp":"2022-03-13T20:51:56.805+0600","message":"Received request for all GetArtistsBySongID","request":"63fc6696-5639-4331-bfaa-ce0584648e3b"}
{"level":"info","timestamp":"2022-03-13T20:51:56.805+0600","message":"Received request for all GetArtistsBySongID","request":"fb355c04-a98a-4c4f-b07f-b26e28487d78"}
{"level":"info","timestamp":"2022-03-13T20:52:33.311+0600","message":"Received request for all GetSongByID","request":"63fc6696-5639-4331-bfaa-ce0584648e3b"}
{"level":"info","timestamp":"2022-03-13T20:52:33.314+0600","message":"Received request for all GetArtistsBySongID","request":"63fc6696-5639-4331-bfaa-ce0584648e3b"}
{"level":"info","timestamp":"2022-03-13T20:55:00.982+0600","message":"Received request for all GetSongByID","request":"63fc6696-5639-4331-bfaa-ce0584648e3b"}
{"level":"info","timestamp":"2022-03-13T20:55:00.983+0600","message":"Received request for all GetArtistsBySongID","request":"63fc6696-5639-4331-bfaa-ce0584648e3b"}
{"level":"info","timestamp":"2022-03-13T20:55:41.131+0600","message":"Received request for all GetSongByID","request":"63fc6696-5639-4331-bfaa-ce0584648e3b"}
{"level":"info","timestamp":"2022-03-13T20:57:30.643+0600","message":"Received request for CreateArtist","request":{"name":"Adib","age":23}}
{"level":"info","timestamp":"2022-03-13T20:57:56.390+0600","message":"Received request for CreateArtist","request":{"name":"Rudra","age":24}}
{"level":"info","timestamp":"2022-03-13T20:58:07.575+0600","message":"Received request for CreateArtist","request":{"name":"Sagor","age":27}}
{"level":"info","timestamp":"2022-03-13T20:59:10.559+0600","message":"Received request for all Artists"}
{"level":"info","timestamp":"2022-03-13T21:01:04.427+0600","message":"Received request for CreateSong","request":{"artistId":"12395dbf-41b3-4150-be88-b28f5e5b34a5","title":"Loke bole | Backstage #49","duration":5.16,"lyricsExists":false}}
{"level":"info","timestamp":"2022-03-13T21:01:46.708+0600","message":"Received request for all songs"}
{"level":"info","timestamp":"2022-03-13T21:01:46.709+0600","message":"Received request for all GetArtistsBySongID","request":"7e214908-165e-4fc4-b621-0c1dc7cbdaf3"}
{"level":"info","timestamp":"2022-03-13T21:02:18.929+0600","message":"Received request for all Artists"}
{"level":"info","timestamp":"2022-03-13T21:19:53.238+0600","message":"Received request for CreateArtist","request":{"name":"Tion Wayne","age":25}}
{"level":"info","timestamp":"2022-03-13T21:20:08.622+0600","message":"Received request for CreateArtist","request":{"name":"Russ Millions","age":29}}
{"level":"info","timestamp":"2022-03-13T21:20:17.817+0600","message":"Received request for all Artists"}
{"level":"info","timestamp":"2022-03-13T21:20:48.629+0600","message":"Received request for all Artists"}
{"level":"info","timestamp":"2022-03-13T21:21:51.566+0600","message":"Received request for CreateSong","request":{"artistId":["06b7e037-50b8-4d47-906c-609d8bc51eb5","43a2517a-1a07-4ae0-8718-65996d8a08ce"],"title":"Tion Wayne x Russ Millions - Body 2 ft Arrdee, 3x3E1 & ZT, Bugzy Malone, Fivio Foreign, Darkoo, Buni","duration":4.4,"lyricsExists":false}}
{"level":"info","timestamp":"2022-03-13T21:22:05.823+0600","message":"Received request for all songs"}
{"level":"info","timestamp":"2022-03-13T21:22:05.824+0600","message":"Received request for all GetArtistsBySongID","request":"7e214908-165e-4fc4-b621-0c1dc7cbdaf3"}
{"level":"info","timestamp":"2022-03-13T21:22:05.826+0600","message":"Received request for all GetArtistsBySongID","request":"adb28349-f2b3-42ab-b123-7780ad5080cd"}
{"level":"info","timestamp":"2022-03-13T21:39:33.555+0600","message":"Received request for all songs"}
{"level":"info","timestamp":"2022-03-13T21:39:33.560+0600","message":"Received request for all GetArtistsBySongID","request":"7e214908-165e-4fc4-b621-0c1dc7cbdaf3"}
{"level":"info","timestamp":"2022-03-13T21:39:33.562+0600","message":"Received request for all GetArtistsBySongID","request":"adb28349-f2b3-42ab-b123-7780ad5080cd"}
{"level":"info","timestamp":"2022-03-13T21:40:17.316+0600","message":"Received request for all Artists"}
{"level":"info","timestamp":"2022-03-13T21:40:51.286+0600","message":"Received request for CreateArtist","request":{"name":"Nachiketa Chakraborty","age":54}}
{"level":"info","timestamp":"2022-03-13T21:41:07.116+0600","message":"Received request for CreateArtist","request":{"name":"Subhamita","age":45}}
{"level":"info","timestamp":"2022-03-13T21:41:38.300+0600","message":"Received request for all Artists"}
{"level":"info","timestamp":"2022-03-13T21:42:18.218+0600","message":"Received request for CreateSong","request":{"artistId":["cfb4804c-472f-4dca-b1dd-917ef87138a5","ec9af6cd-59f2-445a-a73b-e033083fe2ab"],"title":"Aamar Sonar Bangla | Full Video | Various Artists | Tomar Akash Tomar Batas","duration":4.4,"lyricsExists":false}}
{"level":"info","timestamp":"2022-03-13T21:42:37.786+0600","message":"Received request for all songs"}
{"level":"info","timestamp":"2022-03-13T21:42:37.788+0600","message":"Received request for all GetArtistsBySongID","request":"7e214908-165e-4fc4-b621-0c1dc7cbdaf3"}
{"level":"info","timestamp":"2022-03-13T21:42:37.789+0600","message":"Received request for all GetArtistsBySongID","request":"adb28349-f2b3-42ab-b123-7780ad5080cd"}
{"level":"info","timestamp":"2022-03-13T21:42:37.790+0600","message":"Received request for all GetArtistsBySongID","request":"bd99e676-069c-47ba-be25-61252083876a"}
{"level":"info","timestamp":"2022-03-13T21:43:10.235+0600","message":"Received request for all GetSongByID","request":"bd99e676-069c-47ba-be25-61252083876a"}
{"level":"info","timestamp":"2022-03-13T21:43:10.238+0600","message":"Received request for all GetArtistsBySongID","request":"bd99e676-069c-47ba-be25-61252083876a"}
{"level":"info","timestamp":"2022-03-13T21:44:26.953+0600","message":"Received request for all Artists"}
{"level":"info","timestamp":"2022-03-13T21:46:41.488+0600","message":"Received request for all songs"}
{"level":"info","timestamp":"2022-03-13T21:46:41.489+0600","message":"Received request for all GetArtistsBySongID","request":"7e214908-165e-4fc4-b621-0c1dc7cbdaf3"}
{"level":"info","timestamp":"2022-03-13T21:46:41.490+0600","message":"Received request for all GetArtistsBySongID","request":"adb28349-f2b3-42ab-b123-7780ad5080cd"}
{"level":"info","timestamp":"2022-03-13T21:46:41.491+0600","message":"Received request for all GetArtistsBySongID","request":"bd99e676-069c-47ba-be25-61252083876a"}
{"level":"info","timestamp":"2022-03-13T21:47:07.237+0600","message":"Received request for all songs"}
{"level":"info","timestamp":"2022-03-13T21:48:37.396+0600","message":"Received request for CreateArtist","request":{"name":"Arijit Singh","age":34}}
{"level":"info","timestamp":"2022-03-13T21:49:47.577+0600","message":"Received request for CreateSong","request":{"artistId":["1ac94177-7f5d-4736-b083-3bb59141f7c4"],"title":"Dekho Aloy Alo Akash (Asadoma Sadgamaya) by Arijit Singh","duration":5.14,"lyricsExists":false}}
{"level":"info","timestamp":"2022-03-13T21:56:52.363+0600","message":"Received request for CreateArtist","request":{"name":"M Huncho","age":28}}
{"level":"info","timestamp":"2022-03-13T21:57:21.126+0600","message":"Received request for CreateArtist","request":{"name":"Nafe Smallz","age":25}}
{"level":"info","timestamp":"2022-03-13T21:58:48.731+0600","message":"Received request for CreateSong","request":{"artistId":["9c436881-b846-41b1-b9ea-6c1f40151c3e","c064e2bb-3e6e-4f63-8d48-373be9d0e459"],"title":"M Huncho - Thumb ft. Nafe Smallz","duration":3.41,"lyricsExists":false}}
{"level":"info","timestamp":"2022-03-13T21:59:26.510+0600","message":"Received request for all GetSongByID","request":"85a2e86d-b8d6-4170-b949-4e6d04d0e71b"}
{"level":"info","timestamp":"2022-03-13T21:59:26.512+0600","message":"Received request for all GetArtistsBySongID","request":"85a2e86d-b8d6-4170-b949-4e6d04d0e71b"}
{"level":"info","timestamp":"2022-03-13T22:00:08.893+0600","message":"Received request for all GetArtistsBySongID","request":"85a2e86d-b8d6-4170-b949-4e6d04d0e71b"}
