mode: set
github.com/Zubayear/song-ql/mocks/graph/generated/MutationResolver.go:19.109,23.85 3 1
github.com/Zubayear/song-ql/mocks/graph/generated/MutationResolver.go:31.2,32.77 2 1
github.com/Zubayear/song-ql/mocks/graph/generated/MutationResolver.go:38.2,38.15 1 1
github.com/Zubayear/song-ql/mocks/graph/generated/MutationResolver.go:23.85,25.3 1 0
github.com/Zubayear/song-ql/mocks/graph/generated/MutationResolver.go:25.8,26.24 1 1
github.com/Zubayear/song-ql/mocks/graph/generated/MutationResolver.go:26.24,28.4 1 1
github.com/Zubayear/song-ql/mocks/graph/generated/MutationResolver.go:32.77,34.3 1 0
github.com/Zubayear/song-ql/mocks/graph/generated/MutationResolver.go:34.8,36.3 1 1
github.com/Zubayear/song-ql/mocks/graph/generated/MutationResolver.go:42.115,46.90 3 1
github.com/Zubayear/song-ql/mocks/graph/generated/MutationResolver.go:54.2,55.80 2 1
github.com/Zubayear/song-ql/mocks/graph/generated/MutationResolver.go:61.2,61.15 1 1
github.com/Zubayear/song-ql/mocks/graph/generated/MutationResolver.go:46.90,48.3 1 0
github.com/Zubayear/song-ql/mocks/graph/generated/MutationResolver.go:48.8,49.24 1 1
github.com/Zubayear/song-ql/mocks/graph/generated/MutationResolver.go:49.24,51.4 1 1
github.com/Zubayear/song-ql/mocks/graph/generated/MutationResolver.go:55.80,57.3 1 0
github.com/Zubayear/song-ql/mocks/graph/generated/MutationResolver.go:57.8,59.3 1 1
github.com/Zubayear/song-ql/mocks/graph/generated/MutationResolver.go:65.103,69.81 3 1
github.com/Zubayear/song-ql/mocks/graph/generated/MutationResolver.go:77.2,78.75 2 1
github.com/Zubayear/song-ql/mocks/graph/generated/MutationResolver.go:84.2,84.15 1 1
github.com/Zubayear/song-ql/mocks/graph/generated/MutationResolver.go:69.81,71.3 1 0
github.com/Zubayear/song-ql/mocks/graph/generated/MutationResolver.go:71.8,72.24 1 1
github.com/Zubayear/song-ql/mocks/graph/generated/MutationResolver.go:72.24,74.4 1 1
github.com/Zubayear/song-ql/mocks/graph/generated/MutationResolver.go:78.75,80.3 1 0
github.com/Zubayear/song-ql/mocks/graph/generated/MutationResolver.go:80.8,82.3 1 1
github.com/Zubayear/song-ql/mocks/graph/generated/QueryResolver.go:19.80,23.70 3 1
github.com/Zubayear/song-ql/mocks/graph/generated/QueryResolver.go:31.2,32.60 2 1
github.com/Zubayear/song-ql/mocks/graph/generated/QueryResolver.go:38.2,38.15 1 1
github.com/Zubayear/song-ql/mocks/graph/generated/QueryResolver.go:23.70,25.3 1 0
github.com/Zubayear/song-ql/mocks/graph/generated/QueryResolver.go:25.8,26.24 1 1
github.com/Zubayear/song-ql/mocks/graph/generated/QueryResolver.go:26.24,28.4 1 1
github.com/Zubayear/song-ql/mocks/graph/generated/QueryResolver.go:32.60,34.3 1 0
github.com/Zubayear/song-ql/mocks/graph/generated/QueryResolver.go:34.8,36.3 1 1
github.com/Zubayear/song-ql/mocks/graph/generated/QueryResolver.go:42.102,46.78 3 1
github.com/Zubayear/song-ql/mocks/graph/generated/QueryResolver.go:54.2,55.68 2 1
github.com/Zubayear/song-ql/mocks/graph/generated/QueryResolver.go:61.2,61.15 1 1
github.com/Zubayear/song-ql/mocks/graph/generated/QueryResolver.go:46.78,48.3 1 0
github.com/Zubayear/song-ql/mocks/graph/generated/QueryResolver.go:48.8,49.24 1 1
github.com/Zubayear/song-ql/mocks/graph/generated/QueryResolver.go:49.24,51.4 1 1
github.com/Zubayear/song-ql/mocks/graph/generated/QueryResolver.go:55.68,57.3 1 0
github.com/Zubayear/song-ql/mocks/graph/generated/QueryResolver.go:57.8,59.3 1 1
github.com/Zubayear/song-ql/mocks/graph/generated/QueryResolver.go:65.91,69.74 3 1
github.com/Zubayear/song-ql/mocks/graph/generated/QueryResolver.go:77.2,78.68 2 1
github.com/Zubayear/song-ql/mocks/graph/generated/QueryResolver.go:84.2,84.15 1 1
github.com/Zubayear/song-ql/mocks/graph/generated/QueryResolver.go:69.74,71.3 1 0
github.com/Zubayear/song-ql/mocks/graph/generated/QueryResolver.go:71.8,72.24 1 1
github.com/Zubayear/song-ql/mocks/graph/generated/QueryResolver.go:72.24,74.4 1 1
github.com/Zubayear/song-ql/mocks/graph/generated/QueryResolver.go:78.68,80.3 1 0
github.com/Zubayear/song-ql/mocks/graph/generated/QueryResolver.go:80.8,82.3 1 1
github.com/Zubayear/song-ql/mocks/graph/generated/QueryResolver.go:88.76,92.68 3 1
github.com/Zubayear/song-ql/mocks/graph/generated/QueryResolver.go:100.2,101.60 2 1
github.com/Zubayear/song-ql/mocks/graph/generated/QueryResolver.go:107.2,107.15 1 1
github.com/Zubayear/song-ql/mocks/graph/generated/QueryResolver.go:92.68,94.3 1 0
github.com/Zubayear/song-ql/mocks/graph/generated/QueryResolver.go:94.8,95.24 1 1
github.com/Zubayear/song-ql/mocks/graph/generated/QueryResolver.go:95.24,97.4 1 1
github.com/Zubayear/song-ql/mocks/graph/generated/QueryResolver.go:101.60,103.3 1 0
github.com/Zubayear/song-ql/mocks/graph/generated/QueryResolver.go:103.8,105.3 1 1
github.com/Zubayear/song-ql/mocks/graph/generated/ResolverRoot.go:16.63,20.66 3 1
github.com/Zubayear/song-ql/mocks/graph/generated/ResolverRoot.go:28.2,28.11 1 1
github.com/Zubayear/song-ql/mocks/graph/generated/ResolverRoot.go:20.66,22.3 1 0
github.com/Zubayear/song-ql/mocks/graph/generated/ResolverRoot.go:22.8,23.24 1 1
github.com/Zubayear/song-ql/mocks/graph/generated/ResolverRoot.go:23.24,25.4 1 0
github.com/Zubayear/song-ql/mocks/graph/generated/ResolverRoot.go:32.57,36.63 3 1
github.com/Zubayear/song-ql/mocks/graph/generated/ResolverRoot.go:44.2,44.11 1 1
github.com/Zubayear/song-ql/mocks/graph/generated/ResolverRoot.go:36.63,38.3 1 0
github.com/Zubayear/song-ql/mocks/graph/generated/ResolverRoot.go:38.8,39.24 1 1
github.com/Zubayear/song-ql/mocks/graph/generated/ResolverRoot.go:39.24,41.4 1 0
